0 info it worked if it ends with ok
1 verbose cli [ '/usr/bin/node',
1 verbose cli   '/usr/bin/npm',
1 verbose cli   'install',
1 verbose cli   '-g',
1 verbose cli   '@angular/cli' ]
2 info using npm@3.5.2
3 info using node@v8.10.0
4 silly loadCurrentTree Starting
5 silly install loadCurrentTree
6 silly install readGlobalPackageData
7 silly fetchPackageMetaData @angular/cli
8 silly fetchNamedPackageData @angular/cli
9 silly mapToRegistry name @angular/cli
10 silly mapToRegistry scope (from package name) @angular
11 verbose mapToRegistry no registry URL found in name for scope @angular
12 silly mapToRegistry using default registry
13 silly mapToRegistry registry https://registry.npmjs.org/
14 silly mapToRegistry uri https://registry.npmjs.org/@angular%2fcli
15 verbose request uri https://registry.npmjs.org/@angular%2fcli
16 verbose request no auth needed
17 info attempt registry request try #1 at 8:48:14 PM
18 verbose request id d005c7bf89d9e0b5
19 http request GET https://registry.npmjs.org/@angular%2fcli
20 http 200 https://registry.npmjs.org/@angular%2fcli
21 verbose headers { date: 'Fri, 25 Nov 2022 02:48:15 GMT',
21 verbose headers   'content-type': 'application/json',
21 verbose headers   'transfer-encoding': 'chunked',
21 verbose headers   connection: 'keep-alive',
21 verbose headers   'cf-ray': '76f71075dd89677a-DFW',
21 verbose headers   'access-control-allow-origin': '*',
21 verbose headers   age: '238',
21 verbose headers   'cache-control': 'public, max-age=300',
21 verbose headers   etag: 'W/"a1baed13c7f12ab152c70560036b552e"',
21 verbose headers   'last-modified': 'Wed, 23 Nov 2022 17:38:35 GMT',
21 verbose headers   vary: 'accept-encoding, accept',
21 verbose headers   'cf-cache-status': 'HIT',
21 verbose headers   'x-amz-replication-status': 'PENDING',
21 verbose headers   server: 'cloudflare',
21 verbose headers   'content-encoding': 'gzip' }
22 silly get cb [ 200,
22 silly get   { date: 'Fri, 25 Nov 2022 02:48:15 GMT',
22 silly get     'content-type': 'application/json',
22 silly get     'transfer-encoding': 'chunked',
22 silly get     connection: 'keep-alive',
22 silly get     'cf-ray': '76f71075dd89677a-DFW',
22 silly get     'access-control-allow-origin': '*',
22 silly get     age: '238',
22 silly get     'cache-control': 'public, max-age=300',
22 silly get     etag: 'W/"a1baed13c7f12ab152c70560036b552e"',
22 silly get     'last-modified': 'Wed, 23 Nov 2022 17:38:35 GMT',
22 silly get     vary: 'accept-encoding, accept',
22 silly get     'cf-cache-status': 'HIT',
22 silly get     'x-amz-replication-status': 'PENDING',
22 silly get     server: 'cloudflare',
22 silly get     'content-encoding': 'gzip' } ]
23 verbose get saving @angular/cli to /home/nestor/.npm/registry.npmjs.org/_40angular_252fcli/.cache.json
24 silly install normalizeTree
25 silly loadCurrentTree Finishing
26 silly loadIdealTree Starting
27 silly install loadIdealTree
28 silly cloneCurrentTree Starting
29 silly install cloneCurrentTreeToIdealTree
30 silly cloneCurrentTree Finishing
31 silly loadShrinkwrap Starting
32 silly install loadShrinkwrap
33 silly loadShrinkwrap Finishing
34 silly loadAllDepsIntoIdealTree Starting
35 silly install loadAllDepsIntoIdealTree
36 silly resolveWithNewModule @angular/cli@15.0.1 checking installable status
37 silly cache add args [ '@angular/cli', null ]
38 verbose cache add spec @angular/cli
39 silly cache add parsed spec Result {
39 silly cache add   raw: '@angular/cli',
39 silly cache add   scope: '@angular',
39 silly cache add   name: '@angular/cli',
39 silly cache add   rawSpec: '',
39 silly cache add   spec: 'latest',
39 silly cache add   type: 'tag' }
40 silly addNamed @angular/cli@latest
41 verbose addNamed "latest" is being treated as a dist-tag for @angular/cli
42 info addNameTag [ '@angular/cli', 'latest' ]
43 silly mapToRegistry name @angular/cli
44 silly mapToRegistry scope (from package name) @angular
45 verbose mapToRegistry no registry URL found in name for scope @angular
46 silly mapToRegistry using default registry
47 silly mapToRegistry registry https://registry.npmjs.org/
48 silly mapToRegistry uri https://registry.npmjs.org/@angular%2fcli
49 verbose addNameTag registry:https://registry.npmjs.org/@angular%2fcli not in flight; fetching
50 verbose get https://registry.npmjs.org/@angular%2fcli not expired, no request
51 silly addNameTag next cb for @angular/cli with tag latest
52 silly addNamed @angular/cli@15.0.1
53 verbose addNamed "15.0.1" is a plain semver version for @angular/cli
54 silly mapToRegistry name @angular/cli
55 silly mapToRegistry scope (from package name) @angular
56 verbose mapToRegistry no registry URL found in name for scope @angular
57 silly mapToRegistry using default registry
58 silly mapToRegistry registry https://registry.npmjs.org/
59 silly mapToRegistry uri https://registry.npmjs.org/@angular%2fcli
60 verbose addRemoteTarball https://registry.npmjs.org/@angular/cli/-/cli-15.0.1.tgz not in flight; adding
61 verbose addRemoteTarball [ 'https://registry.npmjs.org/@angular/cli/-/cli-15.0.1.tgz',
61 verbose addRemoteTarball   '3ba9bab608ac13ef3df4404632dea857d031846c' ]
62 info retry fetch attempt 1 at 8:48:16 PM
63 info attempt registry request try #1 at 8:48:16 PM
64 http fetch GET https://registry.npmjs.org/@angular/cli/-/cli-15.0.1.tgz
65 http fetch 200 https://registry.npmjs.org/@angular/cli/-/cli-15.0.1.tgz
66 silly fetchAndShaCheck shasum 3ba9bab608ac13ef3df4404632dea857d031846c
67 verbose addTmpTarball /tmp/npm-24781-b93677f3/registry.npmjs.org/_40angular/cli/-/cli-15.0.1.tgz not in flight; adding
68 verbose addTmpTarball already have metadata; skipping unpack for @angular/cli@15.0.1
69 silly cache afterAdd @angular/cli@15.0.1
70 verbose afterAdd /home/nestor/.npm/@angular/cli/15.0.1/package/package.json not in flight; writing
71 verbose afterAdd /home/nestor/.npm/@angular/cli/15.0.1/package/package.json written
72 silly fetchNamedPackageData @angular-devkit/architect
73 silly mapToRegistry name @angular-devkit/architect
74 silly mapToRegistry scope (from package name) @angular-devkit
75 verbose mapToRegistry no registry URL found in name for scope @angular-devkit
76 silly mapToRegistry using default registry
77 silly mapToRegistry registry https://registry.npmjs.org/
78 silly mapToRegistry uri https://registry.npmjs.org/@angular-devkit%2farchitect
79 silly fetchNamedPackageData @angular-devkit/core
80 silly mapToRegistry name @angular-devkit/core
81 silly mapToRegistry scope (from package name) @angular-devkit
82 verbose mapToRegistry no registry URL found in name for scope @angular-devkit
83 silly mapToRegistry using default registry
84 silly mapToRegistry registry https://registry.npmjs.org/
85 silly mapToRegistry uri https://registry.npmjs.org/@angular-devkit%2fcore
86 silly fetchNamedPackageData @angular-devkit/schematics
87 silly mapToRegistry name @angular-devkit/schematics
88 silly mapToRegistry scope (from package name) @angular-devkit
89 verbose mapToRegistry no registry URL found in name for scope @angular-devkit
90 silly mapToRegistry using default registry
91 silly mapToRegistry registry https://registry.npmjs.org/
92 silly mapToRegistry uri https://registry.npmjs.org/@angular-devkit%2fschematics
93 silly fetchNamedPackageData @schematics/angular
94 silly mapToRegistry name @schematics/angular
95 silly mapToRegistry scope (from package name) @schematics
96 verbose mapToRegistry no registry URL found in name for scope @schematics
97 silly mapToRegistry using default registry
98 silly mapToRegistry registry https://registry.npmjs.org/
99 silly mapToRegistry uri https://registry.npmjs.org/@schematics%2fangular
100 silly fetchNamedPackageData @yarnpkg/lockfile
101 silly mapToRegistry name @yarnpkg/lockfile
102 silly mapToRegistry scope (from package name) @yarnpkg
103 verbose mapToRegistry no registry URL found in name for scope @yarnpkg
104 silly mapToRegistry using default registry
105 silly mapToRegistry registry https://registry.npmjs.org/
106 silly mapToRegistry uri https://registry.npmjs.org/@yarnpkg%2flockfile
107 silly fetchNamedPackageData ansi-colors
108 silly mapToRegistry name ansi-colors
109 silly mapToRegistry using default registry
110 silly mapToRegistry registry https://registry.npmjs.org/
111 silly mapToRegistry uri https://registry.npmjs.org/ansi-colors
112 silly fetchNamedPackageData ini
113 silly mapToRegistry name ini
114 silly mapToRegistry using default registry
115 silly mapToRegistry registry https://registry.npmjs.org/
116 silly mapToRegistry uri https://registry.npmjs.org/ini
117 silly fetchNamedPackageData inquirer
118 silly mapToRegistry name inquirer
119 silly mapToRegistry using default registry
120 silly mapToRegistry registry https://registry.npmjs.org/
121 silly mapToRegistry uri https://registry.npmjs.org/inquirer
122 silly fetchNamedPackageData jsonc-parser
123 silly mapToRegistry name jsonc-parser
124 silly mapToRegistry using default registry
125 silly mapToRegistry registry https://registry.npmjs.org/
126 silly mapToRegistry uri https://registry.npmjs.org/jsonc-parser
127 silly fetchNamedPackageData npm-package-arg
128 silly mapToRegistry name npm-package-arg
129 silly mapToRegistry using default registry
130 silly mapToRegistry registry https://registry.npmjs.org/
131 silly mapToRegistry uri https://registry.npmjs.org/npm-package-arg
132 silly fetchNamedPackageData npm-pick-manifest
133 silly mapToRegistry name npm-pick-manifest
134 silly mapToRegistry using default registry
135 silly mapToRegistry registry https://registry.npmjs.org/
136 silly mapToRegistry uri https://registry.npmjs.org/npm-pick-manifest
137 silly fetchNamedPackageData open
138 silly mapToRegistry name open
139 silly mapToRegistry using default registry
140 silly mapToRegistry registry https://registry.npmjs.org/
141 silly mapToRegistry uri https://registry.npmjs.org/open
142 silly fetchNamedPackageData ora
143 silly mapToRegistry name ora
144 silly mapToRegistry using default registry
145 silly mapToRegistry registry https://registry.npmjs.org/
146 silly mapToRegistry uri https://registry.npmjs.org/ora
147 silly fetchNamedPackageData pacote
148 silly mapToRegistry name pacote
149 silly mapToRegistry using default registry
150 silly mapToRegistry registry https://registry.npmjs.org/
151 silly mapToRegistry uri https://registry.npmjs.org/pacote
152 silly fetchNamedPackageData resolve
153 silly mapToRegistry name resolve
154 silly mapToRegistry using default registry
155 silly mapToRegistry registry https://registry.npmjs.org/
156 silly mapToRegistry uri https://registry.npmjs.org/resolve
157 silly fetchNamedPackageData semver
158 silly mapToRegistry name semver
159 silly mapToRegistry using default registry
160 silly mapToRegistry registry https://registry.npmjs.org/
161 silly mapToRegistry uri https://registry.npmjs.org/semver
162 silly fetchNamedPackageData symbol-observable
163 silly mapToRegistry name symbol-observable
164 silly mapToRegistry using default registry
165 silly mapToRegistry registry https://registry.npmjs.org/
166 silly mapToRegistry uri https://registry.npmjs.org/symbol-observable
167 silly fetchNamedPackageData yargs
168 silly mapToRegistry name yargs
169 silly mapToRegistry using default registry
170 silly mapToRegistry registry https://registry.npmjs.org/
171 silly mapToRegistry uri https://registry.npmjs.org/yargs
172 verbose request uri https://registry.npmjs.org/@angular-devkit%2farchitect
173 verbose request no auth needed
174 info attempt registry request try #1 at 8:48:16 PM
175 http request GET https://registry.npmjs.org/@angular-devkit%2farchitect
176 verbose request uri https://registry.npmjs.org/@angular-devkit%2fcore
177 verbose request no auth needed
178 info attempt registry request try #1 at 8:48:16 PM
179 http request GET https://registry.npmjs.org/@angular-devkit%2fcore
180 verbose request uri https://registry.npmjs.org/@angular-devkit%2fschematics
181 verbose request no auth needed
182 info attempt registry request try #1 at 8:48:16 PM
183 http request GET https://registry.npmjs.org/@angular-devkit%2fschematics
184 verbose request uri https://registry.npmjs.org/@schematics%2fangular
185 verbose request no auth needed
186 info attempt registry request try #1 at 8:48:16 PM
187 http request GET https://registry.npmjs.org/@schematics%2fangular
188 verbose request uri https://registry.npmjs.org/@yarnpkg%2flockfile
189 verbose request no auth needed
190 info attempt registry request try #1 at 8:48:16 PM
191 http request GET https://registry.npmjs.org/@yarnpkg%2flockfile
192 verbose request uri https://registry.npmjs.org/ansi-colors
193 verbose request no auth needed
194 info attempt registry request try #1 at 8:48:16 PM
195 http request GET https://registry.npmjs.org/ansi-colors
196 verbose request uri https://registry.npmjs.org/ini
197 verbose request no auth needed
198 info attempt registry request try #1 at 8:48:16 PM
199 http request GET https://registry.npmjs.org/ini
200 verbose request uri https://registry.npmjs.org/inquirer
201 verbose request no auth needed
202 info attempt registry request try #1 at 8:48:16 PM
203 http request GET https://registry.npmjs.org/inquirer
204 verbose request uri https://registry.npmjs.org/jsonc-parser
205 verbose request no auth needed
206 info attempt registry request try #1 at 8:48:16 PM
207 http request GET https://registry.npmjs.org/jsonc-parser
208 verbose request uri https://registry.npmjs.org/npm-package-arg
209 verbose request no auth needed
210 info attempt registry request try #1 at 8:48:16 PM
211 http request GET https://registry.npmjs.org/npm-package-arg
212 verbose request uri https://registry.npmjs.org/npm-pick-manifest
213 verbose request no auth needed
214 info attempt registry request try #1 at 8:48:16 PM
215 http request GET https://registry.npmjs.org/npm-pick-manifest
216 verbose request uri https://registry.npmjs.org/open
217 verbose request no auth needed
218 info attempt registry request try #1 at 8:48:16 PM
219 http request GET https://registry.npmjs.org/open
220 verbose request uri https://registry.npmjs.org/ora
221 verbose request no auth needed
222 info attempt registry request try #1 at 8:48:16 PM
223 http request GET https://registry.npmjs.org/ora
224 verbose request uri https://registry.npmjs.org/pacote
225 verbose request no auth needed
226 info attempt registry request try #1 at 8:48:16 PM
227 http request GET https://registry.npmjs.org/pacote
228 verbose request uri https://registry.npmjs.org/resolve
229 verbose request no auth needed
230 info attempt registry request try #1 at 8:48:16 PM
231 http request GET https://registry.npmjs.org/resolve
232 verbose request uri https://registry.npmjs.org/semver
233 verbose request no auth needed
234 info attempt registry request try #1 at 8:48:16 PM
235 http request GET https://registry.npmjs.org/semver
236 verbose request uri https://registry.npmjs.org/symbol-observable
237 verbose request no auth needed
238 info attempt registry request try #1 at 8:48:16 PM
239 http request GET https://registry.npmjs.org/symbol-observable
240 verbose request uri https://registry.npmjs.org/yargs
241 verbose request no auth needed
242 info attempt registry request try #1 at 8:48:16 PM
243 http request GET https://registry.npmjs.org/yargs
244 http 200 https://registry.npmjs.org/@angular-devkit%2farchitect
245 verbose headers { date: 'Fri, 25 Nov 2022 02:48:16 GMT',
245 verbose headers   'content-type': 'application/json',
245 verbose headers   'transfer-encoding': 'chunked',
245 verbose headers   connection: 'keep-alive',
245 verbose headers   'cf-ray': '76f7107f1944677a-DFW',
245 verbose headers   'access-control-allow-origin': '*',
245 verbose headers   age: '86',
245 verbose headers   'cache-control': 'public, max-age=300',
245 verbose headers   etag: 'W/"651f008e0a5665e474dbd9c2551a67c2"',
245 verbose headers   'last-modified': 'Wed, 23 Nov 2022 17:38:44 GMT',
245 verbose headers   vary: 'accept-encoding, accept',
245 verbose headers   'cf-cache-status': 'HIT',
245 verbose headers   'x-amz-replication-status': 'COMPLETED',
245 verbose headers   server: 'cloudflare',
245 verbose headers   'content-encoding': 'gzip' }
246 silly get cb [ 200,
246 silly get   { date: 'Fri, 25 Nov 2022 02:48:16 GMT',
246 silly get     'content-type': 'application/json',
246 silly get     'transfer-encoding': 'chunked',
246 silly get     connection: 'keep-alive',
246 silly get     'cf-ray': '76f7107f1944677a-DFW',
246 silly get     'access-control-allow-origin': '*',
246 silly get     age: '86',
246 silly get     'cache-control': 'public, max-age=300',
246 silly get     etag: 'W/"651f008e0a5665e474dbd9c2551a67c2"',
246 silly get     'last-modified': 'Wed, 23 Nov 2022 17:38:44 GMT',
246 silly get     vary: 'accept-encoding, accept',
246 silly get     'cf-cache-status': 'HIT',
246 silly get     'x-amz-replication-status': 'COMPLETED',
246 silly get     server: 'cloudflare',
246 silly get     'content-encoding': 'gzip' } ]
247 verbose get saving @angular-devkit/architect to /home/nestor/.npm/registry.npmjs.org/_40angular-devkit_252farchitect/.cache.json
248 silly resolveWithNewModule @angular-devkit/architect@0.1500.1 checking installable status
249 silly cache add args [ '@angular-devkit/architect@0.1500.1', null ]
250 verbose cache add spec @angular-devkit/architect@0.1500.1
251 silly cache add parsed spec Result {
251 silly cache add   raw: '@angular-devkit/architect@0.1500.1',
251 silly cache add   scope: '@angular-devkit',
251 silly cache add   name: '@angular-devkit/architect',
251 silly cache add   rawSpec: '0.1500.1',
251 silly cache add   spec: '0.1500.1',
251 silly cache add   type: 'version' }
252 silly addNamed @angular-devkit/architect@0.1500.1
253 verbose addNamed "0.1500.1" is a plain semver version for @angular-devkit/architect
254 silly mapToRegistry name @angular-devkit/architect
255 silly mapToRegistry scope (from package name) @angular-devkit
256 verbose mapToRegistry no registry URL found in name for scope @angular-devkit
257 silly mapToRegistry using default registry
258 silly mapToRegistry registry https://registry.npmjs.org/
259 silly mapToRegistry uri https://registry.npmjs.org/@angular-devkit%2farchitect
260 verbose addNameVersion registry:https://registry.npmjs.org/@angular-devkit%2farchitect not in flight; fetching
261 http 200 https://registry.npmjs.org/symbol-observable
262 verbose headers { date: 'Fri, 25 Nov 2022 02:48:16 GMT',
262 verbose headers   'content-type': 'application/json',
262 verbose headers   'transfer-encoding': 'chunked',
262 verbose headers   connection: 'keep-alive',
262 verbose headers   'cf-ray': '76f710804897e409-DFW',
262 verbose headers   'access-control-allow-origin': '*',
262 verbose headers   age: '14',
262 verbose headers   'cache-control': 'public, max-age=300',
262 verbose headers   etag: 'W/"3dca4ee990b56289311bfb91e80fed0b"',
262 verbose headers   'last-modified': 'Mon, 27 Jun 2022 03:05:39 GMT',
262 verbose headers   vary: 'accept-encoding, accept',
262 verbose headers   'cf-cache-status': 'HIT',
262 verbose headers   'x-amz-replication-status': 'COMPLETED',
262 verbose headers   server: 'cloudflare',
262 verbose headers   'content-encoding': 'gzip' }
263 silly get cb [ 200,
263 silly get   { date: 'Fri, 25 Nov 2022 02:48:16 GMT',
263 silly get     'content-type': 'application/json',
263 silly get     'transfer-encoding': 'chunked',
263 silly get     connection: 'keep-alive',
263 silly get     'cf-ray': '76f710804897e409-DFW',
263 silly get     'access-control-allow-origin': '*',
263 silly get     age: '14',
263 silly get     'cache-control': 'public, max-age=300',
263 silly get     etag: 'W/"3dca4ee990b56289311bfb91e80fed0b"',
263 silly get     'last-modified': 'Mon, 27 Jun 2022 03:05:39 GMT',
263 silly get     vary: 'accept-encoding, accept',
263 silly get     'cf-cache-status': 'HIT',
263 silly get     'x-amz-replication-status': 'COMPLETED',
263 silly get     server: 'cloudflare',
263 silly get     'content-encoding': 'gzip' } ]
264 verbose get saving symbol-observable to /home/nestor/.npm/registry.npmjs.org/symbol-observable/.cache.json
265 verbose get https://registry.npmjs.org/@angular-devkit%2farchitect not expired, no request
266 http 200 https://registry.npmjs.org/ini
267 verbose headers { date: 'Fri, 25 Nov 2022 02:48:16 GMT',
267 verbose headers   'content-type': 'application/json',
267 verbose headers   'transfer-encoding': 'chunked',
267 verbose headers   connection: 'keep-alive',
267 verbose headers   'cf-ray': '76f710804991ea3a-DFW',
267 verbose headers   'access-control-allow-origin': '*',
267 verbose headers   age: '183',
267 verbose headers   'cache-control': 'public, max-age=300',
267 verbose headers   etag: 'W/"624fd3783d3057b46f469515b8bf6033"',
267 verbose headers   'last-modified': 'Mon, 22 Aug 2022 17:22:45 GMT',
267 verbose headers   vary: 'accept-encoding, accept',
267 verbose headers   'cf-cache-status': 'HIT',
267 verbose headers   'x-amz-replication-status': 'COMPLETED',
267 verbose headers   server: 'cloudflare',
267 verbose headers   'content-encoding': 'gzip' }
268 silly get cb [ 200,
268 silly get   { date: 'Fri, 25 Nov 2022 02:48:16 GMT',
268 silly get     'content-type': 'application/json',
268 silly get     'transfer-encoding': 'chunked',
268 silly get     connection: 'keep-alive',
268 silly get     'cf-ray': '76f710804991ea3a-DFW',
268 silly get     'access-control-allow-origin': '*',
268 silly get     age: '183',
268 silly get     'cache-control': 'public, max-age=300',
268 silly get     etag: 'W/"624fd3783d3057b46f469515b8bf6033"',
268 silly get     'last-modified': 'Mon, 22 Aug 2022 17:22:45 GMT',
268 silly get     vary: 'accept-encoding, accept',
268 silly get     'cf-cache-status': 'HIT',
268 silly get     'x-amz-replication-status': 'COMPLETED',
268 silly get     server: 'cloudflare',
268 silly get     'content-encoding': 'gzip' } ]
269 verbose get saving ini to /home/nestor/.npm/registry.npmjs.org/ini/.cache.json
270 silly mapToRegistry name @angular-devkit/architect
271 silly mapToRegistry scope (from package name) @angular-devkit
272 verbose mapToRegistry no registry URL found in name for scope @angular-devkit
273 silly mapToRegistry using default registry
274 silly mapToRegistry registry https://registry.npmjs.org/
275 silly mapToRegistry uri https://registry.npmjs.org/@angular-devkit%2farchitect
276 verbose addRemoteTarball https://registry.npmjs.org/@angular-devkit/architect/-/architect-0.1500.1.tgz not in flight; adding
277 verbose addRemoteTarball [ 'https://registry.npmjs.org/@angular-devkit/architect/-/architect-0.1500.1.tgz',
277 verbose addRemoteTarball   '29f4009cf3c4c0b1b17f1607b8b604e2a901eeb6' ]
278 http 200 https://registry.npmjs.org/npm-pick-manifest
279 verbose headers { date: 'Fri, 25 Nov 2022 02:48:16 GMT',
279 verbose headers   'content-type': 'application/json',
279 verbose headers   'transfer-encoding': 'chunked',
279 verbose headers   connection: 'keep-alive',
279 verbose headers   'cf-ray': '76f710804882e857-DFW',
279 verbose headers   'access-control-allow-origin': '*',
279 verbose headers   age: '94',
279 verbose headers   'cache-control': 'public, max-age=300',
279 verbose headers   etag: 'W/"34d166f2360a190cd7f2a79d9c48b094"',
279 verbose headers   'last-modified': 'Tue, 18 Oct 2022 16:00:18 GMT',
279 verbose headers   vary: 'accept-encoding, accept',
279 verbose headers   'cf-cache-status': 'HIT',
279 verbose headers   'x-amz-replication-status': 'COMPLETED',
279 verbose headers   server: 'cloudflare',
279 verbose headers   'content-encoding': 'gzip' }
280 silly get cb [ 200,
280 silly get   { date: 'Fri, 25 Nov 2022 02:48:16 GMT',
280 silly get     'content-type': 'application/json',
280 silly get     'transfer-encoding': 'chunked',
280 silly get     connection: 'keep-alive',
280 silly get     'cf-ray': '76f710804882e857-DFW',
280 silly get     'access-control-allow-origin': '*',
280 silly get     age: '94',
280 silly get     'cache-control': 'public, max-age=300',
280 silly get     etag: 'W/"34d166f2360a190cd7f2a79d9c48b094"',
280 silly get     'last-modified': 'Tue, 18 Oct 2022 16:00:18 GMT',
280 silly get     vary: 'accept-encoding, accept',
280 silly get     'cf-cache-status': 'HIT',
280 silly get     'x-amz-replication-status': 'COMPLETED',
280 silly get     server: 'cloudflare',
280 silly get     'content-encoding': 'gzip' } ]
281 verbose get saving npm-pick-manifest to /home/nestor/.npm/registry.npmjs.org/npm-pick-manifest/.cache.json
282 http 200 https://registry.npmjs.org/ansi-colors
283 verbose headers { date: 'Fri, 25 Nov 2022 02:48:16 GMT',
283 verbose headers   'content-type': 'application/json',
283 verbose headers   'transfer-encoding': 'chunked',
283 verbose headers   connection: 'keep-alive',
283 verbose headers   'cf-ray': '76f710804e2567ae-DFW',
283 verbose headers   'access-control-allow-origin': '*',
283 verbose headers   age: '28',
283 verbose headers   'cache-control': 'public, max-age=300',
283 verbose headers   etag: 'W/"f5b3263aac18e48e6814be0f3374691d"',
283 verbose headers   'last-modified': 'Mon, 13 Jun 2022 03:05:20 GMT',
283 verbose headers   vary: 'accept-encoding, accept',
283 verbose headers   'cf-cache-status': 'HIT',
283 verbose headers   'x-amz-replication-status': 'COMPLETED',
283 verbose headers   server: 'cloudflare',
283 verbose headers   'content-encoding': 'gzip' }
284 silly get cb [ 200,
284 silly get   { date: 'Fri, 25 Nov 2022 02:48:16 GMT',
284 silly get     'content-type': 'application/json',
284 silly get     'transfer-encoding': 'chunked',
284 silly get     connection: 'keep-alive',
284 silly get     'cf-ray': '76f710804e2567ae-DFW',
284 silly get     'access-control-allow-origin': '*',
284 silly get     age: '28',
284 silly get     'cache-control': 'public, max-age=300',
284 silly get     etag: 'W/"f5b3263aac18e48e6814be0f3374691d"',
284 silly get     'last-modified': 'Mon, 13 Jun 2022 03:05:20 GMT',
284 silly get     vary: 'accept-encoding, accept',
284 silly get     'cf-cache-status': 'HIT',
284 silly get     'x-amz-replication-status': 'COMPLETED',
284 silly get     server: 'cloudflare',
284 silly get     'content-encoding': 'gzip' } ]
285 verbose get saving ansi-colors to /home/nestor/.npm/registry.npmjs.org/ansi-colors/.cache.json
286 http 200 https://registry.npmjs.org/ora
287 verbose headers { date: 'Fri, 25 Nov 2022 02:48:16 GMT',
287 verbose headers   'content-type': 'application/json',
287 verbose headers   'transfer-encoding': 'chunked',
287 verbose headers   connection: 'keep-alive',
287 verbose headers   'cf-ray': '76f710804a63e827-DFW',
287 verbose headers   'access-control-allow-origin': '*',
287 verbose headers   age: '93',
287 verbose headers   'cache-control': 'public, max-age=300',
287 verbose headers   etag: 'W/"20b73dcc36d887ce62ab18e8ff22a89c"',
287 verbose headers   'last-modified': 'Tue, 27 Sep 2022 12:16:16 GMT',
287 verbose headers   vary: 'accept-encoding, accept',
287 verbose headers   'cf-cache-status': 'HIT',
287 verbose headers   'x-amz-replication-status': 'COMPLETED',
287 verbose headers   server: 'cloudflare',
287 verbose headers   'content-encoding': 'gzip' }
288 silly get cb [ 200,
288 silly get   { date: 'Fri, 25 Nov 2022 02:48:16 GMT',
288 silly get     'content-type': 'application/json',
288 silly get     'transfer-encoding': 'chunked',
288 silly get     connection: 'keep-alive',
288 silly get     'cf-ray': '76f710804a63e827-DFW',
288 silly get     'access-control-allow-origin': '*',
288 silly get     age: '93',
288 silly get     'cache-control': 'public, max-age=300',
288 silly get     etag: 'W/"20b73dcc36d887ce62ab18e8ff22a89c"',
288 silly get     'last-modified': 'Tue, 27 Sep 2022 12:16:16 GMT',
288 silly get     vary: 'accept-encoding, accept',
288 silly get     'cf-cache-status': 'HIT',
288 silly get     'x-amz-replication-status': 'COMPLETED',
288 silly get     server: 'cloudflare',
288 silly get     'content-encoding': 'gzip' } ]
289 verbose get saving ora to /home/nestor/.npm/registry.npmjs.org/ora/.cache.json
290 http 200 https://registry.npmjs.org/@yarnpkg%2flockfile
291 verbose headers { date: 'Fri, 25 Nov 2022 02:48:16 GMT',
291 verbose headers   'content-type': 'application/json',
291 verbose headers   'transfer-encoding': 'chunked',
291 verbose headers   connection: 'keep-alive',
291 verbose headers   'cf-ray': '76f710804d7de4fc-DFW',
291 verbose headers   'access-control-allow-origin': '*',
291 verbose headers   age: '157',
291 verbose headers   'cache-control': 'public, max-age=300',
291 verbose headers   etag: 'W/"f57938e1829cd4e22f478bd87fa3f06e"',
291 verbose headers   'last-modified': 'Mon, 13 Jun 2022 01:58:06 GMT',
291 verbose headers   vary: 'accept-encoding, accept',
291 verbose headers   'cf-cache-status': 'HIT',
291 verbose headers   'x-amz-replication-status': 'COMPLETED',
291 verbose headers   server: 'cloudflare',
291 verbose headers   'content-encoding': 'gzip' }
292 silly get cb [ 200,
292 silly get   { date: 'Fri, 25 Nov 2022 02:48:16 GMT',
292 silly get     'content-type': 'application/json',
292 silly get     'transfer-encoding': 'chunked',
292 silly get     connection: 'keep-alive',
292 silly get     'cf-ray': '76f710804d7de4fc-DFW',
292 silly get     'access-control-allow-origin': '*',
292 silly get     age: '157',
292 silly get     'cache-control': 'public, max-age=300',
292 silly get     etag: 'W/"f57938e1829cd4e22f478bd87fa3f06e"',
292 silly get     'last-modified': 'Mon, 13 Jun 2022 01:58:06 GMT',
292 silly get     vary: 'accept-encoding, accept',
292 silly get     'cf-cache-status': 'HIT',
292 silly get     'x-amz-replication-status': 'COMPLETED',
292 silly get     server: 'cloudflare',
292 silly get     'content-encoding': 'gzip' } ]
293 verbose get saving @yarnpkg/lockfile to /home/nestor/.npm/registry.npmjs.org/_40yarnpkg_252flockfile/.cache.json
294 http 200 https://registry.npmjs.org/npm-package-arg
295 verbose headers { date: 'Fri, 25 Nov 2022 02:48:16 GMT',
295 verbose headers   'content-type': 'application/json',
295 verbose headers   'transfer-encoding': 'chunked',
295 verbose headers   connection: 'keep-alive',
295 verbose headers   'cf-ray': '76f710804a86e7bb-DFW',
295 verbose headers   'access-control-allow-origin': '*',
295 verbose headers   age: '93',
295 verbose headers   'cache-control': 'public, max-age=300',
295 verbose headers   etag: 'W/"22a03a9b0ac1e975ac7b783555cc1076"',
295 verbose headers   'last-modified': 'Tue, 18 Oct 2022 14:19:05 GMT',
295 verbose headers   vary: 'accept-encoding, accept',
295 verbose headers   'cf-cache-status': 'HIT',
295 verbose headers   'x-amz-replication-status': 'PENDING',
295 verbose headers   server: 'cloudflare',
295 verbose headers   'content-encoding': 'gzip' }
296 silly get cb [ 200,
296 silly get   { date: 'Fri, 25 Nov 2022 02:48:16 GMT',
296 silly get     'content-type': 'application/json',
296 silly get     'transfer-encoding': 'chunked',
296 silly get     connection: 'keep-alive',
296 silly get     'cf-ray': '76f710804a86e7bb-DFW',
296 silly get     'access-control-allow-origin': '*',
296 silly get     age: '93',
296 silly get     'cache-control': 'public, max-age=300',
296 silly get     etag: 'W/"22a03a9b0ac1e975ac7b783555cc1076"',
296 silly get     'last-modified': 'Tue, 18 Oct 2022 14:19:05 GMT',
296 silly get     vary: 'accept-encoding, accept',
296 silly get     'cf-cache-status': 'HIT',
296 silly get     'x-amz-replication-status': 'PENDING',
296 silly get     server: 'cloudflare',
296 silly get     'content-encoding': 'gzip' } ]
297 verbose get saving npm-package-arg to /home/nestor/.npm/registry.npmjs.org/npm-package-arg/.cache.json
298 http 200 https://registry.npmjs.org/jsonc-parser
299 verbose headers { date: 'Fri, 25 Nov 2022 02:48:16 GMT',
299 verbose headers   'content-type': 'application/json',
299 verbose headers   'transfer-encoding': 'chunked',
299 verbose headers   connection: 'keep-alive',
299 verbose headers   'cf-ray': '76f7108048dfe72e-DFW',
299 verbose headers   'access-control-allow-origin': '*',
299 verbose headers   age: '107',
299 verbose headers   'cache-control': 'public, max-age=300',
299 verbose headers   etag: 'W/"7ce91aa62a10e4dd500ebf4a952cb4d0"',
299 verbose headers   'last-modified': 'Thu, 03 Nov 2022 15:06:49 GMT',
299 verbose headers   vary: 'accept-encoding, accept',
299 verbose headers   'cf-cache-status': 'HIT',
299 verbose headers   'x-amz-replication-status': 'PENDING',
299 verbose headers   server: 'cloudflare',
299 verbose headers   'content-encoding': 'gzip' }
300 silly get cb [ 200,
300 silly get   { date: 'Fri, 25 Nov 2022 02:48:16 GMT',
300 silly get     'content-type': 'application/json',
300 silly get     'transfer-encoding': 'chunked',
300 silly get     connection: 'keep-alive',
300 silly get     'cf-ray': '76f7108048dfe72e-DFW',
300 silly get     'access-control-allow-origin': '*',
300 silly get     age: '107',
300 silly get     'cache-control': 'public, max-age=300',
300 silly get     etag: 'W/"7ce91aa62a10e4dd500ebf4a952cb4d0"',
300 silly get     'last-modified': 'Thu, 03 Nov 2022 15:06:49 GMT',
300 silly get     vary: 'accept-encoding, accept',
300 silly get     'cf-cache-status': 'HIT',
300 silly get     'x-amz-replication-status': 'PENDING',
300 silly get     server: 'cloudflare',
300 silly get     'content-encoding': 'gzip' } ]
301 verbose get saving jsonc-parser to /home/nestor/.npm/registry.npmjs.org/jsonc-parser/.cache.json
302 info retry fetch attempt 1 at 8:48:16 PM
303 info attempt registry request try #1 at 8:48:16 PM
304 http fetch GET https://registry.npmjs.org/@angular-devkit/architect/-/architect-0.1500.1.tgz
305 silly resolveWithNewModule ini@3.0.1 checking installable status
306 silly cache add args [ 'ini@3.0.1', null ]
307 verbose cache add spec ini@3.0.1
308 silly cache add parsed spec Result {
308 silly cache add   raw: 'ini@3.0.1',
308 silly cache add   scope: null,
308 silly cache add   name: 'ini',
308 silly cache add   rawSpec: '3.0.1',
308 silly cache add   spec: '3.0.1',
308 silly cache add   type: 'version' }
309 silly addNamed ini@3.0.1
310 verbose addNamed "3.0.1" is a plain semver version for ini
311 silly mapToRegistry name ini
312 silly mapToRegistry using default registry
313 silly mapToRegistry registry https://registry.npmjs.org/
314 silly mapToRegistry uri https://registry.npmjs.org/ini
315 verbose addNameVersion registry:https://registry.npmjs.org/ini not in flight; fetching
316 silly resolveWithNewModule symbol-observable@4.0.0 checking installable status
317 silly cache add args [ 'symbol-observable@4.0.0', null ]
318 verbose cache add spec symbol-observable@4.0.0
319 silly cache add parsed spec Result {
319 silly cache add   raw: 'symbol-observable@4.0.0',
319 silly cache add   scope: null,
319 silly cache add   name: 'symbol-observable',
319 silly cache add   rawSpec: '4.0.0',
319 silly cache add   spec: '4.0.0',
319 silly cache add   type: 'version' }
320 silly addNamed symbol-observable@4.0.0
321 verbose addNamed "4.0.0" is a plain semver version for symbol-observable
322 silly mapToRegistry name symbol-observable
323 silly mapToRegistry using default registry
324 silly mapToRegistry registry https://registry.npmjs.org/
325 silly mapToRegistry uri https://registry.npmjs.org/symbol-observable
326 verbose addNameVersion registry:https://registry.npmjs.org/symbol-observable not in flight; fetching
327 silly resolveWithNewModule npm-pick-manifest@8.0.1 checking installable status
328 silly cache add args [ 'npm-pick-manifest@8.0.1', null ]
329 verbose cache add spec npm-pick-manifest@8.0.1
330 silly cache add parsed spec Result {
330 silly cache add   raw: 'npm-pick-manifest@8.0.1',
330 silly cache add   scope: null,
330 silly cache add   name: 'npm-pick-manifest',
330 silly cache add   rawSpec: '8.0.1',
330 silly cache add   spec: '8.0.1',
330 silly cache add   type: 'version' }
331 silly addNamed npm-pick-manifest@8.0.1
332 verbose addNamed "8.0.1" is a plain semver version for npm-pick-manifest
333 silly mapToRegistry name npm-pick-manifest
334 silly mapToRegistry using default registry
335 silly mapToRegistry registry https://registry.npmjs.org/
336 silly mapToRegistry uri https://registry.npmjs.org/npm-pick-manifest
337 verbose addNameVersion registry:https://registry.npmjs.org/npm-pick-manifest not in flight; fetching
338 silly resolveWithNewModule ansi-colors@4.1.3 checking installable status
339 silly cache add args [ 'ansi-colors@4.1.3', null ]
340 verbose cache add spec ansi-colors@4.1.3
341 silly cache add parsed spec Result {
341 silly cache add   raw: 'ansi-colors@4.1.3',
341 silly cache add   scope: null,
341 silly cache add   name: 'ansi-colors',
341 silly cache add   rawSpec: '4.1.3',
341 silly cache add   spec: '4.1.3',
341 silly cache add   type: 'version' }
342 silly addNamed ansi-colors@4.1.3
343 verbose addNamed "4.1.3" is a plain semver version for ansi-colors
344 silly mapToRegistry name ansi-colors
345 silly mapToRegistry using default registry
346 silly mapToRegistry registry https://registry.npmjs.org/
347 silly mapToRegistry uri https://registry.npmjs.org/ansi-colors
348 verbose addNameVersion registry:https://registry.npmjs.org/ansi-colors not in flight; fetching
349 silly resolveWithNewModule ora@5.4.1 checking installable status
350 silly cache add args [ 'ora@5.4.1', null ]
351 verbose cache add spec ora@5.4.1
352 silly cache add parsed spec Result {
352 silly cache add   raw: 'ora@5.4.1',
352 silly cache add   scope: null,
352 silly cache add   name: 'ora',
352 silly cache add   rawSpec: '5.4.1',
352 silly cache add   spec: '5.4.1',
352 silly cache add   type: 'version' }
353 silly addNamed ora@5.4.1
354 verbose addNamed "5.4.1" is a plain semver version for ora
355 silly mapToRegistry name ora
356 silly mapToRegistry using default registry
357 silly mapToRegistry registry https://registry.npmjs.org/
358 silly mapToRegistry uri https://registry.npmjs.org/ora
359 verbose addNameVersion registry:https://registry.npmjs.org/ora not in flight; fetching
360 silly resolveWithNewModule @yarnpkg/lockfile@1.1.0 checking installable status
361 silly cache add args [ '@yarnpkg/lockfile@1.1.0', null ]
362 verbose cache add spec @yarnpkg/lockfile@1.1.0
363 silly cache add parsed spec Result {
363 silly cache add   raw: '@yarnpkg/lockfile@1.1.0',
363 silly cache add   scope: '@yarnpkg',
363 silly cache add   name: '@yarnpkg/lockfile',
363 silly cache add   rawSpec: '1.1.0',
363 silly cache add   spec: '1.1.0',
363 silly cache add   type: 'version' }
364 silly addNamed @yarnpkg/lockfile@1.1.0
365 verbose addNamed "1.1.0" is a plain semver version for @yarnpkg/lockfile
366 silly mapToRegistry name @yarnpkg/lockfile
367 silly mapToRegistry scope (from package name) @yarnpkg
368 verbose mapToRegistry no registry URL found in name for scope @yarnpkg
369 silly mapToRegistry using default registry
370 silly mapToRegistry registry https://registry.npmjs.org/
371 silly mapToRegistry uri https://registry.npmjs.org/@yarnpkg%2flockfile
372 verbose addNameVersion registry:https://registry.npmjs.org/@yarnpkg%2flockfile not in flight; fetching
373 verbose get https://registry.npmjs.org/symbol-observable not expired, no request
374 silly resolveWithNewModule npm-package-arg@9.1.2 checking installable status
375 silly cache add args [ 'npm-package-arg@9.1.2', null ]
376 verbose cache add spec npm-package-arg@9.1.2
377 silly cache add parsed spec Result {
377 silly cache add   raw: 'npm-package-arg@9.1.2',
377 silly cache add   scope: null,
377 silly cache add   name: 'npm-package-arg',
377 silly cache add   rawSpec: '9.1.2',
377 silly cache add   spec: '9.1.2',
377 silly cache add   type: 'version' }
378 silly addNamed npm-package-arg@9.1.2
379 verbose addNamed "9.1.2" is a plain semver version for npm-package-arg
380 silly mapToRegistry name npm-package-arg
381 silly mapToRegistry using default registry
382 silly mapToRegistry registry https://registry.npmjs.org/
383 silly mapToRegistry uri https://registry.npmjs.org/npm-package-arg
384 verbose addNameVersion registry:https://registry.npmjs.org/npm-package-arg not in flight; fetching
385 verbose get https://registry.npmjs.org/ini not expired, no request
386 silly resolveWithNewModule jsonc-parser@3.2.0 checking installable status
387 silly cache add args [ 'jsonc-parser@3.2.0', null ]
388 verbose cache add spec jsonc-parser@3.2.0
389 silly cache add parsed spec Result {
389 silly cache add   raw: 'jsonc-parser@3.2.0',
389 silly cache add   scope: null,
389 silly cache add   name: 'jsonc-parser',
389 silly cache add   rawSpec: '3.2.0',
389 silly cache add   spec: '3.2.0',
389 silly cache add   type: 'version' }
390 silly addNamed jsonc-parser@3.2.0
391 verbose addNamed "3.2.0" is a plain semver version for jsonc-parser
392 silly mapToRegistry name jsonc-parser
393 silly mapToRegistry using default registry
394 silly mapToRegistry registry https://registry.npmjs.org/
395 silly mapToRegistry uri https://registry.npmjs.org/jsonc-parser
396 verbose addNameVersion registry:https://registry.npmjs.org/jsonc-parser not in flight; fetching
397 silly mapToRegistry name symbol-observable
398 silly mapToRegistry using default registry
399 silly mapToRegistry registry https://registry.npmjs.org/
400 silly mapToRegistry uri https://registry.npmjs.org/symbol-observable
401 verbose addRemoteTarball https://registry.npmjs.org/symbol-observable/-/symbol-observable-4.0.0.tgz not in flight; adding
402 verbose addRemoteTarball [ 'https://registry.npmjs.org/symbol-observable/-/symbol-observable-4.0.0.tgz',
402 verbose addRemoteTarball   '5b425f192279e87f2f9b937ac8540d1984b39205' ]
403 silly mapToRegistry name ini
404 silly mapToRegistry using default registry
405 silly mapToRegistry registry https://registry.npmjs.org/
406 silly mapToRegistry uri https://registry.npmjs.org/ini
407 verbose addRemoteTarball https://registry.npmjs.org/ini/-/ini-3.0.1.tgz not in flight; adding
408 verbose addRemoteTarball [ 'https://registry.npmjs.org/ini/-/ini-3.0.1.tgz',
408 verbose addRemoteTarball   'c76ec81007875bc44d544ff7a11a55d12294102d' ]
409 http 200 https://registry.npmjs.org/semver
410 verbose headers { date: 'Fri, 25 Nov 2022 02:48:16 GMT',
410 verbose headers   'content-type': 'application/json',
410 verbose headers   'transfer-encoding': 'chunked',
410 verbose headers   connection: 'keep-alive',
410 verbose headers   'cf-ray': '76f710804c40e4db-DFW',
410 verbose headers   'access-control-allow-origin': '*',
410 verbose headers   age: '251',
410 verbose headers   'cache-control': 'public, max-age=300',
410 verbose headers   etag: 'W/"e0453286a9d2afac5d127986a3a61adc"',
410 verbose headers   'last-modified': 'Tue, 08 Nov 2022 10:38:26 GMT',
410 verbose headers   vary: 'accept-encoding, accept',
410 verbose headers   'cf-cache-status': 'HIT',
410 verbose headers   'x-amz-replication-status': 'COMPLETED',
410 verbose headers   server: 'cloudflare',
410 verbose headers   'content-encoding': 'gzip' }
411 silly get cb [ 200,
411 silly get   { date: 'Fri, 25 Nov 2022 02:48:16 GMT',
411 silly get     'content-type': 'application/json',
411 silly get     'transfer-encoding': 'chunked',
411 silly get     connection: 'keep-alive',
411 silly get     'cf-ray': '76f710804c40e4db-DFW',
411 silly get     'access-control-allow-origin': '*',
411 silly get     age: '251',
411 silly get     'cache-control': 'public, max-age=300',
411 silly get     etag: 'W/"e0453286a9d2afac5d127986a3a61adc"',
411 silly get     'last-modified': 'Tue, 08 Nov 2022 10:38:26 GMT',
411 silly get     vary: 'accept-encoding, accept',
411 silly get     'cf-cache-status': 'HIT',
411 silly get     'x-amz-replication-status': 'COMPLETED',
411 silly get     server: 'cloudflare',
411 silly get     'content-encoding': 'gzip' } ]
412 verbose get saving semver to /home/nestor/.npm/registry.npmjs.org/semver/.cache.json
413 verbose get https://registry.npmjs.org/npm-pick-manifest not expired, no request
414 http 200 https://registry.npmjs.org/resolve
415 verbose headers { date: 'Fri, 25 Nov 2022 02:48:16 GMT',
415 verbose headers   'content-type': 'application/json',
415 verbose headers   'transfer-encoding': 'chunked',
415 verbose headers   connection: 'keep-alive',
415 verbose headers   'cf-ray': '76f710804988aa7b-DFW',
415 verbose headers   'access-control-allow-origin': '*',
415 verbose headers   age: '275',
415 verbose headers   'cache-control': 'public, max-age=300',
415 verbose headers   etag: 'W/"04700be1191f8f3ad7755dd2205a533c"',
415 verbose headers   'last-modified': 'Tue, 08 Nov 2022 10:40:43 GMT',
415 verbose headers   vary: 'accept-encoding, accept',
415 verbose headers   'cf-cache-status': 'HIT',
415 verbose headers   'x-amz-replication-status': 'PENDING',
415 verbose headers   server: 'cloudflare',
415 verbose headers   'content-encoding': 'gzip' }
416 silly get cb [ 200,
416 silly get   { date: 'Fri, 25 Nov 2022 02:48:16 GMT',
416 silly get     'content-type': 'application/json',
416 silly get     'transfer-encoding': 'chunked',
416 silly get     connection: 'keep-alive',
416 silly get     'cf-ray': '76f710804988aa7b-DFW',
416 silly get     'access-control-allow-origin': '*',
416 silly get     age: '275',
416 silly get     'cache-control': 'public, max-age=300',
416 silly get     etag: 'W/"04700be1191f8f3ad7755dd2205a533c"',
416 silly get     'last-modified': 'Tue, 08 Nov 2022 10:40:43 GMT',
416 silly get     vary: 'accept-encoding, accept',
416 silly get     'cf-cache-status': 'HIT',
416 silly get     'x-amz-replication-status': 'PENDING',
416 silly get     server: 'cloudflare',
416 silly get     'content-encoding': 'gzip' } ]
417 verbose get saving resolve to /home/nestor/.npm/registry.npmjs.org/resolve/.cache.json
418 silly mapToRegistry name npm-pick-manifest
419 silly mapToRegistry using default registry
420 silly mapToRegistry registry https://registry.npmjs.org/
421 silly mapToRegistry uri https://registry.npmjs.org/npm-pick-manifest
422 verbose addRemoteTarball https://registry.npmjs.org/npm-pick-manifest/-/npm-pick-manifest-8.0.1.tgz not in flight; adding
423 verbose addRemoteTarball [ 'https://registry.npmjs.org/npm-pick-manifest/-/npm-pick-manifest-8.0.1.tgz',
423 verbose addRemoteTarball   'c6acd97d1ad4c5dbb80eac7b386b03ffeb289e5f' ]
424 verbose get https://registry.npmjs.org/ansi-colors not expired, no request
425 info retry fetch attempt 1 at 8:48:17 PM
426 info attempt registry request try #1 at 8:48:17 PM
427 http fetch GET https://registry.npmjs.org/symbol-observable/-/symbol-observable-4.0.0.tgz
428 info retry fetch attempt 1 at 8:48:17 PM
429 info attempt registry request try #1 at 8:48:17 PM
430 http fetch GET https://registry.npmjs.org/ini/-/ini-3.0.1.tgz
431 verbose get https://registry.npmjs.org/@yarnpkg%2flockfile not expired, no request
432 verbose get https://registry.npmjs.org/ora not expired, no request
433 silly mapToRegistry name ansi-colors
434 silly mapToRegistry using default registry
435 silly mapToRegistry registry https://registry.npmjs.org/
436 silly mapToRegistry uri https://registry.npmjs.org/ansi-colors
437 verbose addRemoteTarball https://registry.npmjs.org/ansi-colors/-/ansi-colors-4.1.3.tgz not in flight; adding
438 verbose addRemoteTarball [ 'https://registry.npmjs.org/ansi-colors/-/ansi-colors-4.1.3.tgz',
438 verbose addRemoteTarball   '37611340eb2243e70cc604cad35d63270d48781b' ]
439 verbose get https://registry.npmjs.org/npm-package-arg not expired, no request
440 silly mapToRegistry name @yarnpkg/lockfile
441 silly mapToRegistry scope (from package name) @yarnpkg
442 verbose mapToRegistry no registry URL found in name for scope @yarnpkg
443 silly mapToRegistry using default registry
444 silly mapToRegistry registry https://registry.npmjs.org/
445 silly mapToRegistry uri https://registry.npmjs.org/@yarnpkg%2flockfile
446 verbose addRemoteTarball https://registry.npmjs.org/@yarnpkg/lockfile/-/lockfile-1.1.0.tgz not in flight; adding
447 verbose addRemoteTarball [ 'https://registry.npmjs.org/@yarnpkg/lockfile/-/lockfile-1.1.0.tgz',
447 verbose addRemoteTarball   'e77a97fbd345b76d83245edcd17d393b1b41fb31' ]
448 silly mapToRegistry name ora
449 silly mapToRegistry using default registry
450 silly mapToRegistry registry https://registry.npmjs.org/
451 silly mapToRegistry uri https://registry.npmjs.org/ora
452 verbose addRemoteTarball https://registry.npmjs.org/ora/-/ora-5.4.1.tgz not in flight; adding
453 verbose addRemoteTarball [ 'https://registry.npmjs.org/ora/-/ora-5.4.1.tgz',
453 verbose addRemoteTarball   '1b2678426af4ac4a509008e5e4ac9e9959db9e18' ]
454 verbose get https://registry.npmjs.org/jsonc-parser not expired, no request
455 silly mapToRegistry name npm-package-arg
456 silly mapToRegistry using default registry
457 silly mapToRegistry registry https://registry.npmjs.org/
458 silly mapToRegistry uri https://registry.npmjs.org/npm-package-arg
459 verbose addRemoteTarball https://registry.npmjs.org/npm-package-arg/-/npm-package-arg-9.1.2.tgz not in flight; adding
460 verbose addRemoteTarball [ 'https://registry.npmjs.org/npm-package-arg/-/npm-package-arg-9.1.2.tgz',
460 verbose addRemoteTarball   'fc8acecb00235f42270dda446f36926ddd9ac2bc' ]
461 info retry fetch attempt 1 at 8:48:17 PM
462 info attempt registry request try #1 at 8:48:17 PM
463 http fetch GET https://registry.npmjs.org/npm-pick-manifest/-/npm-pick-manifest-8.0.1.tgz
464 silly mapToRegistry name jsonc-parser
465 silly mapToRegistry using default registry
466 silly mapToRegistry registry https://registry.npmjs.org/
467 silly mapToRegistry uri https://registry.npmjs.org/jsonc-parser
468 verbose addRemoteTarball https://registry.npmjs.org/jsonc-parser/-/jsonc-parser-3.2.0.tgz not in flight; adding
469 verbose addRemoteTarball [ 'https://registry.npmjs.org/jsonc-parser/-/jsonc-parser-3.2.0.tgz',
469 verbose addRemoteTarball   '31ff3f4c2b9793f89c67212627c51c6394f88e76' ]
470 info retry fetch attempt 1 at 8:48:17 PM
471 info attempt registry request try #1 at 8:48:17 PM
472 http fetch GET https://registry.npmjs.org/ansi-colors/-/ansi-colors-4.1.3.tgz
473 info retry fetch attempt 1 at 8:48:17 PM
474 info attempt registry request try #1 at 8:48:17 PM
475 http fetch GET https://registry.npmjs.org/ora/-/ora-5.4.1.tgz
476 info retry fetch attempt 1 at 8:48:17 PM
477 info attempt registry request try #1 at 8:48:17 PM
478 http fetch GET https://registry.npmjs.org/npm-package-arg/-/npm-package-arg-9.1.2.tgz
479 info retry fetch attempt 1 at 8:48:17 PM
480 info attempt registry request try #1 at 8:48:17 PM
481 http fetch GET https://registry.npmjs.org/jsonc-parser/-/jsonc-parser-3.2.0.tgz
482 http 200 https://registry.npmjs.org/inquirer
483 verbose headers { date: 'Fri, 25 Nov 2022 02:48:16 GMT',
483 verbose headers   'content-type': 'application/json',
483 verbose headers   'transfer-encoding': 'chunked',
483 verbose headers   connection: 'keep-alive',
483 verbose headers   'cf-ray': '76f710804d9fe490-DFW',
483 verbose headers   'access-control-allow-origin': '*',
483 verbose headers   age: '255',
483 verbose headers   'cache-control': 'public, max-age=300',
483 verbose headers   etag: 'W/"940f253b632d1c59dace2255ecdab9c3"',
483 verbose headers   'last-modified': 'Mon, 24 Oct 2022 01:21:31 GMT',
483 verbose headers   vary: 'accept-encoding, accept',
483 verbose headers   'cf-cache-status': 'HIT',
483 verbose headers   'x-amz-replication-status': 'COMPLETED',
483 verbose headers   server: 'cloudflare',
483 verbose headers   'content-encoding': 'gzip' }
484 silly get cb [ 200,
484 silly get   { date: 'Fri, 25 Nov 2022 02:48:16 GMT',
484 silly get     'content-type': 'application/json',
484 silly get     'transfer-encoding': 'chunked',
484 silly get     connection: 'keep-alive',
484 silly get     'cf-ray': '76f710804d9fe490-DFW',
484 silly get     'access-control-allow-origin': '*',
484 silly get     age: '255',
484 silly get     'cache-control': 'public, max-age=300',
484 silly get     etag: 'W/"940f253b632d1c59dace2255ecdab9c3"',
484 silly get     'last-modified': 'Mon, 24 Oct 2022 01:21:31 GMT',
484 silly get     vary: 'accept-encoding, accept',
484 silly get     'cf-cache-status': 'HIT',
484 silly get     'x-amz-replication-status': 'COMPLETED',
484 silly get     server: 'cloudflare',
484 silly get     'content-encoding': 'gzip' } ]
485 verbose get saving inquirer to /home/nestor/.npm/registry.npmjs.org/inquirer/.cache.json
486 info retry fetch attempt 1 at 8:48:17 PM
487 info attempt registry request try #1 at 8:48:17 PM
488 http fetch GET https://registry.npmjs.org/@yarnpkg/lockfile/-/lockfile-1.1.0.tgz
489 silly resolveWithNewModule semver@7.3.8 checking installable status
490 silly cache add args [ 'semver@7.3.8', null ]
491 verbose cache add spec semver@7.3.8
492 silly cache add parsed spec Result {
492 silly cache add   raw: 'semver@7.3.8',
492 silly cache add   scope: null,
492 silly cache add   name: 'semver',
492 silly cache add   rawSpec: '7.3.8',
492 silly cache add   spec: '7.3.8',
492 silly cache add   type: 'version' }
493 silly addNamed semver@7.3.8
494 verbose addNamed "7.3.8" is a plain semver version for semver
495 silly mapToRegistry name semver
496 silly mapToRegistry using default registry
497 silly mapToRegistry registry https://registry.npmjs.org/
498 silly mapToRegistry uri https://registry.npmjs.org/semver
499 verbose addNameVersion registry:https://registry.npmjs.org/semver not in flight; fetching
500 silly resolveWithNewModule resolve@1.22.1 checking installable status
501 silly cache add args [ 'resolve@1.22.1', null ]
502 verbose cache add spec resolve@1.22.1
503 silly cache add parsed spec Result {
503 silly cache add   raw: 'resolve@1.22.1',
503 silly cache add   scope: null,
503 silly cache add   name: 'resolve',
503 silly cache add   rawSpec: '1.22.1',
503 silly cache add   spec: '1.22.1',
503 silly cache add   type: 'version' }
504 silly addNamed resolve@1.22.1
505 verbose addNamed "1.22.1" is a plain semver version for resolve
506 silly mapToRegistry name resolve
507 silly mapToRegistry using default registry
508 silly mapToRegistry registry https://registry.npmjs.org/
509 silly mapToRegistry uri https://registry.npmjs.org/resolve
510 verbose addNameVersion registry:https://registry.npmjs.org/resolve not in flight; fetching
511 http fetch 200 https://registry.npmjs.org/@angular-devkit/architect/-/architect-0.1500.1.tgz
512 verbose get https://registry.npmjs.org/semver not expired, no request
513 silly mapToRegistry name semver
514 silly mapToRegistry using default registry
515 silly mapToRegistry registry https://registry.npmjs.org/
516 silly mapToRegistry uri https://registry.npmjs.org/semver
517 verbose addRemoteTarball https://registry.npmjs.org/semver/-/semver-7.3.8.tgz not in flight; adding
518 verbose addRemoteTarball [ 'https://registry.npmjs.org/semver/-/semver-7.3.8.tgz',
518 verbose addRemoteTarball   '07a78feafb3f7b32347d725e33de7e2a2df67798' ]
519 verbose get https://registry.npmjs.org/resolve not expired, no request
520 silly mapToRegistry name resolve
521 silly mapToRegistry using default registry
522 silly mapToRegistry registry https://registry.npmjs.org/
523 silly mapToRegistry uri https://registry.npmjs.org/resolve
524 verbose addRemoteTarball https://registry.npmjs.org/resolve/-/resolve-1.22.1.tgz not in flight; adding
525 verbose addRemoteTarball [ 'https://registry.npmjs.org/resolve/-/resolve-1.22.1.tgz',
525 verbose addRemoteTarball   '27cb2ebb53f91abb49470a928bba7558066ac177' ]
526 http fetch 200 https://registry.npmjs.org/ini/-/ini-3.0.1.tgz
527 silly fetchAndShaCheck shasum 29f4009cf3c4c0b1b17f1607b8b604e2a901eeb6
528 silly resolveWithNewModule inquirer@8.2.4 checking installable status
529 silly cache add args [ 'inquirer@8.2.4', null ]
530 verbose cache add spec inquirer@8.2.4
531 silly cache add parsed spec Result {
531 silly cache add   raw: 'inquirer@8.2.4',
531 silly cache add   scope: null,
531 silly cache add   name: 'inquirer',
531 silly cache add   rawSpec: '8.2.4',
531 silly cache add   spec: '8.2.4',
531 silly cache add   type: 'version' }
532 silly addNamed inquirer@8.2.4
533 verbose addNamed "8.2.4" is a plain semver version for inquirer
534 silly mapToRegistry name inquirer
535 silly mapToRegistry using default registry
536 silly mapToRegistry registry https://registry.npmjs.org/
537 silly mapToRegistry uri https://registry.npmjs.org/inquirer
538 verbose addNameVersion registry:https://registry.npmjs.org/inquirer not in flight; fetching
539 http fetch 200 https://registry.npmjs.org/symbol-observable/-/symbol-observable-4.0.0.tgz
540 info retry fetch attempt 1 at 8:48:17 PM
541 info attempt registry request try #1 at 8:48:17 PM
542 http fetch GET https://registry.npmjs.org/semver/-/semver-7.3.8.tgz
543 info retry fetch attempt 1 at 8:48:17 PM
544 info attempt registry request try #1 at 8:48:17 PM
545 http fetch GET https://registry.npmjs.org/resolve/-/resolve-1.22.1.tgz
546 verbose addTmpTarball /tmp/npm-24781-b93677f3/registry.npmjs.org/_40angular-devkit/architect/-/architect-0.1500.1.tgz not in flight; adding
547 verbose addTmpTarball already have metadata; skipping unpack for @angular-devkit/architect@0.1500.1
548 silly fetchAndShaCheck shasum c76ec81007875bc44d544ff7a11a55d12294102d
549 silly fetchAndShaCheck shasum 5b425f192279e87f2f9b937ac8540d1984b39205
550 http fetch 200 https://registry.npmjs.org/npm-pick-manifest/-/npm-pick-manifest-8.0.1.tgz
551 verbose get https://registry.npmjs.org/inquirer not expired, no request
552 silly mapToRegistry name inquirer
553 silly mapToRegistry using default registry
554 silly mapToRegistry registry https://registry.npmjs.org/
555 silly mapToRegistry uri https://registry.npmjs.org/inquirer
556 verbose addRemoteTarball https://registry.npmjs.org/inquirer/-/inquirer-8.2.4.tgz not in flight; adding
557 verbose addRemoteTarball [ 'https://registry.npmjs.org/inquirer/-/inquirer-8.2.4.tgz',
557 verbose addRemoteTarball   'ddbfe86ca2f67649a67daa6f1051c128f684f0b4' ]
558 verbose addTmpTarball /tmp/npm-24781-b93677f3/registry.npmjs.org/ini/-/ini-3.0.1.tgz not in flight; adding
559 verbose addTmpTarball already have metadata; skipping unpack for ini@3.0.1
560 http fetch 200 https://registry.npmjs.org/ora/-/ora-5.4.1.tgz
561 verbose addTmpTarball /tmp/npm-24781-b93677f3/registry.npmjs.org/symbol-observable/-/symbol-observable-4.0.0.tgz not in flight; adding
562 verbose addTmpTarball already have metadata; skipping unpack for symbol-observable@4.0.0
563 http fetch 200 https://registry.npmjs.org/ansi-colors/-/ansi-colors-4.1.3.tgz
564 http 200 https://registry.npmjs.org/open
565 verbose headers { date: 'Fri, 25 Nov 2022 02:48:17 GMT',
565 verbose headers   'content-type': 'application/json',
565 verbose headers   'transfer-encoding': 'chunked',
565 verbose headers   connection: 'keep-alive',
565 verbose headers   'cf-ray': '76f710804a2de599-DFW',
565 verbose headers   'access-control-allow-origin': '*',
565 verbose headers   'cache-control': 'public, max-age=300',
565 verbose headers   etag: 'W/"dd76ced8f649c0c27e6d6db48b122238"',
565 verbose headers   'last-modified': 'Wed, 22 Jun 2022 23:07:13 GMT',
565 verbose headers   vary: 'accept-encoding, accept',
565 verbose headers   'cf-cache-status': 'REVALIDATED',
565 verbose headers   'x-amz-replication-status': 'COMPLETED',
565 verbose headers   server: 'cloudflare',
565 verbose headers   'content-encoding': 'gzip' }
566 silly get cb [ 200,
566 silly get   { date: 'Fri, 25 Nov 2022 02:48:17 GMT',
566 silly get     'content-type': 'application/json',
566 silly get     'transfer-encoding': 'chunked',
566 silly get     connection: 'keep-alive',
566 silly get     'cf-ray': '76f710804a2de599-DFW',
566 silly get     'access-control-allow-origin': '*',
566 silly get     'cache-control': 'public, max-age=300',
566 silly get     etag: 'W/"dd76ced8f649c0c27e6d6db48b122238"',
566 silly get     'last-modified': 'Wed, 22 Jun 2022 23:07:13 GMT',
566 silly get     vary: 'accept-encoding, accept',
566 silly get     'cf-cache-status': 'REVALIDATED',
566 silly get     'x-amz-replication-status': 'COMPLETED',
566 silly get     server: 'cloudflare',
566 silly get     'content-encoding': 'gzip' } ]
567 verbose get saving open to /home/nestor/.npm/registry.npmjs.org/open/.cache.json
568 silly fetchAndShaCheck shasum c6acd97d1ad4c5dbb80eac7b386b03ffeb289e5f
569 http fetch 200 https://registry.npmjs.org/npm-package-arg/-/npm-package-arg-9.1.2.tgz
570 info retry fetch attempt 1 at 8:48:17 PM
571 info attempt registry request try #1 at 8:48:17 PM
572 http fetch GET https://registry.npmjs.org/inquirer/-/inquirer-8.2.4.tgz
573 silly fetchAndShaCheck shasum 1b2678426af4ac4a509008e5e4ac9e9959db9e18
574 verbose addTmpTarball /tmp/npm-24781-b93677f3/registry.npmjs.org/npm-pick-manifest/-/npm-pick-manifest-8.0.1.tgz not in flight; adding
575 verbose addTmpTarball already have metadata; skipping unpack for npm-pick-manifest@8.0.1
576 silly fetchAndShaCheck shasum 37611340eb2243e70cc604cad35d63270d48781b
577 silly fetchAndShaCheck shasum fc8acecb00235f42270dda446f36926ddd9ac2bc
578 verbose addTmpTarball /tmp/npm-24781-b93677f3/registry.npmjs.org/ora/-/ora-5.4.1.tgz not in flight; adding
579 verbose addTmpTarball already have metadata; skipping unpack for ora@5.4.1
580 verbose addTmpTarball /tmp/npm-24781-b93677f3/registry.npmjs.org/ansi-colors/-/ansi-colors-4.1.3.tgz not in flight; adding
581 verbose addTmpTarball already have metadata; skipping unpack for ansi-colors@4.1.3
582 verbose addTmpTarball /tmp/npm-24781-b93677f3/registry.npmjs.org/npm-package-arg/-/npm-package-arg-9.1.2.tgz not in flight; adding
583 verbose addTmpTarball already have metadata; skipping unpack for npm-package-arg@9.1.2
584 http fetch 200 https://registry.npmjs.org/jsonc-parser/-/jsonc-parser-3.2.0.tgz
585 silly resolveWithNewModule open@8.4.0 checking installable status
586 silly cache add args [ 'open@8.4.0', null ]
587 verbose cache add spec open@8.4.0
588 silly cache add parsed spec Result {
588 silly cache add   raw: 'open@8.4.0',
588 silly cache add   scope: null,
588 silly cache add   name: 'open',
588 silly cache add   rawSpec: '8.4.0',
588 silly cache add   spec: '8.4.0',
588 silly cache add   type: 'version' }
589 silly addNamed open@8.4.0
590 verbose addNamed "8.4.0" is a plain semver version for open
591 silly mapToRegistry name open
592 silly mapToRegistry using default registry
593 silly mapToRegistry registry https://registry.npmjs.org/
594 silly mapToRegistry uri https://registry.npmjs.org/open
595 verbose addNameVersion registry:https://registry.npmjs.org/open not in flight; fetching
596 verbose get https://registry.npmjs.org/open not expired, no request
597 silly mapToRegistry name open
598 silly mapToRegistry using default registry
599 silly mapToRegistry registry https://registry.npmjs.org/
600 silly mapToRegistry uri https://registry.npmjs.org/open
601 verbose addRemoteTarball https://registry.npmjs.org/open/-/open-8.4.0.tgz not in flight; adding
602 verbose addRemoteTarball [ 'https://registry.npmjs.org/open/-/open-8.4.0.tgz',
602 verbose addRemoteTarball   '345321ae18f8138f82565a910fdc6b39e8c244f8' ]
603 silly cache afterAdd ini@3.0.1
604 verbose afterAdd /home/nestor/.npm/ini/3.0.1/package/package.json not in flight; writing
605 silly cache afterAdd symbol-observable@4.0.0
606 verbose afterAdd /home/nestor/.npm/symbol-observable/4.0.0/package/package.json not in flight; writing
607 silly cache afterAdd @angular-devkit/architect@0.1500.1
608 verbose afterAdd /home/nestor/.npm/@angular-devkit/architect/0.1500.1/package/package.json not in flight; writing
609 info retry fetch attempt 1 at 8:48:17 PM
610 info attempt registry request try #1 at 8:48:17 PM
611 http fetch GET https://registry.npmjs.org/open/-/open-8.4.0.tgz
612 http 200 https://registry.npmjs.org/pacote
613 verbose headers { date: 'Fri, 25 Nov 2022 02:48:16 GMT',
613 verbose headers   'content-type': 'application/json',
613 verbose headers   'transfer-encoding': 'chunked',
613 verbose headers   connection: 'keep-alive',
613 verbose headers   'cf-ray': '76f710804ed3ea98-DFW',
613 verbose headers   'access-control-allow-origin': '*',
613 verbose headers   age: '218',
613 verbose headers   'cache-control': 'public, max-age=300',
613 verbose headers   etag: 'W/"e5085085e21ef520bb9b09b7af3a28a1"',
613 verbose headers   'last-modified': 'Wed, 02 Nov 2022 00:37:46 GMT',
613 verbose headers   vary: 'accept-encoding, accept',
613 verbose headers   'cf-cache-status': 'HIT',
613 verbose headers   'x-amz-replication-status': 'COMPLETED',
613 verbose headers   server: 'cloudflare',
613 verbose headers   'content-encoding': 'gzip' }
614 silly get cb [ 200,
614 silly get   { date: 'Fri, 25 Nov 2022 02:48:16 GMT',
614 silly get     'content-type': 'application/json',
614 silly get     'transfer-encoding': 'chunked',
614 silly get     connection: 'keep-alive',
614 silly get     'cf-ray': '76f710804ed3ea98-DFW',
614 silly get     'access-control-allow-origin': '*',
614 silly get     age: '218',
614 silly get     'cache-control': 'public, max-age=300',
614 silly get     etag: 'W/"e5085085e21ef520bb9b09b7af3a28a1"',
614 silly get     'last-modified': 'Wed, 02 Nov 2022 00:37:46 GMT',
614 silly get     vary: 'accept-encoding, accept',
614 silly get     'cf-cache-status': 'HIT',
614 silly get     'x-amz-replication-status': 'COMPLETED',
614 silly get     server: 'cloudflare',
614 silly get     'content-encoding': 'gzip' } ]
615 verbose get saving pacote to /home/nestor/.npm/registry.npmjs.org/pacote/.cache.json
616 silly fetchAndShaCheck shasum 31ff3f4c2b9793f89c67212627c51c6394f88e76
617 http fetch 200 https://registry.npmjs.org/@yarnpkg/lockfile/-/lockfile-1.1.0.tgz
618 verbose afterAdd /home/nestor/.npm/ini/3.0.1/package/package.json written
619 http fetch 200 https://registry.npmjs.org/semver/-/semver-7.3.8.tgz
620 silly cache afterAdd npm-pick-manifest@8.0.1
621 verbose afterAdd /home/nestor/.npm/npm-pick-manifest/8.0.1/package/package.json not in flight; writing
622 http fetch 200 https://registry.npmjs.org/resolve/-/resolve-1.22.1.tgz
623 http fetch 200 https://registry.npmjs.org/inquirer/-/inquirer-8.2.4.tgz
624 verbose afterAdd /home/nestor/.npm/symbol-observable/4.0.0/package/package.json written
625 verbose addTmpTarball /tmp/npm-24781-b93677f3/registry.npmjs.org/jsonc-parser/-/jsonc-parser-3.2.0.tgz not in flight; adding
626 verbose addTmpTarball already have metadata; skipping unpack for jsonc-parser@3.2.0
627 verbose afterAdd /home/nestor/.npm/@angular-devkit/architect/0.1500.1/package/package.json written
628 silly cache afterAdd ora@5.4.1
629 verbose afterAdd /home/nestor/.npm/ora/5.4.1/package/package.json not in flight; writing
630 verbose afterAdd /home/nestor/.npm/npm-pick-manifest/8.0.1/package/package.json written
631 silly fetchAndShaCheck shasum 07a78feafb3f7b32347d725e33de7e2a2df67798
632 silly cache afterAdd npm-package-arg@9.1.2
633 verbose afterAdd /home/nestor/.npm/npm-package-arg/9.1.2/package/package.json not in flight; writing
634 silly cache afterAdd ansi-colors@4.1.3
635 verbose afterAdd /home/nestor/.npm/ansi-colors/4.1.3/package/package.json not in flight; writing
636 silly fetchAndShaCheck shasum 27cb2ebb53f91abb49470a928bba7558066ac177
637 silly fetchAndShaCheck shasum ddbfe86ca2f67649a67daa6f1051c128f684f0b4
638 verbose afterAdd /home/nestor/.npm/ora/5.4.1/package/package.json written
639 silly resolveWithNewModule pacote@15.0.6 checking installable status
640 silly cache add args [ 'pacote@15.0.6', null ]
641 verbose cache add spec pacote@15.0.6
642 silly cache add parsed spec Result {
642 silly cache add   raw: 'pacote@15.0.6',
642 silly cache add   scope: null,
642 silly cache add   name: 'pacote',
642 silly cache add   rawSpec: '15.0.6',
642 silly cache add   spec: '15.0.6',
642 silly cache add   type: 'version' }
643 silly addNamed pacote@15.0.6
644 verbose addNamed "15.0.6" is a plain semver version for pacote
645 silly mapToRegistry name pacote
646 silly mapToRegistry using default registry
647 silly mapToRegistry registry https://registry.npmjs.org/
648 silly mapToRegistry uri https://registry.npmjs.org/pacote
649 verbose addNameVersion registry:https://registry.npmjs.org/pacote not in flight; fetching
650 verbose addTmpTarball /tmp/npm-24781-b93677f3/registry.npmjs.org/semver/-/semver-7.3.8.tgz not in flight; adding
651 verbose addTmpTarball already have metadata; skipping unpack for semver@7.3.8
652 silly fetchAndShaCheck shasum e77a97fbd345b76d83245edcd17d393b1b41fb31
653 verbose addTmpTarball /tmp/npm-24781-b93677f3/registry.npmjs.org/resolve/-/resolve-1.22.1.tgz not in flight; adding
654 verbose addTmpTarball already have metadata; skipping unpack for resolve@1.22.1
655 verbose addTmpTarball /tmp/npm-24781-b93677f3/registry.npmjs.org/inquirer/-/inquirer-8.2.4.tgz not in flight; adding
656 verbose addTmpTarball already have metadata; skipping unpack for inquirer@8.2.4
657 http fetch 200 https://registry.npmjs.org/open/-/open-8.4.0.tgz
658 verbose afterAdd /home/nestor/.npm/npm-package-arg/9.1.2/package/package.json written
659 verbose afterAdd /home/nestor/.npm/ansi-colors/4.1.3/package/package.json written
660 verbose get https://registry.npmjs.org/pacote not expired, no request
661 silly mapToRegistry name pacote
662 silly mapToRegistry using default registry
663 silly mapToRegistry registry https://registry.npmjs.org/
664 silly mapToRegistry uri https://registry.npmjs.org/pacote
665 verbose addRemoteTarball https://registry.npmjs.org/pacote/-/pacote-15.0.6.tgz not in flight; adding
666 verbose addRemoteTarball [ 'https://registry.npmjs.org/pacote/-/pacote-15.0.6.tgz',
666 verbose addRemoteTarball   '8c498b5c23270da4f4c87f7eeba0248a3ae61342' ]
667 verbose addTmpTarball /tmp/npm-24781-b93677f3/registry.npmjs.org/_40yarnpkg/lockfile/-/lockfile-1.1.0.tgz not in flight; adding
668 verbose addTmpTarball already have metadata; skipping unpack for @yarnpkg/lockfile@1.1.0
669 silly fetchAndShaCheck shasum 345321ae18f8138f82565a910fdc6b39e8c244f8
670 info retry fetch attempt 1 at 8:48:17 PM
671 info attempt registry request try #1 at 8:48:17 PM
672 http fetch GET https://registry.npmjs.org/pacote/-/pacote-15.0.6.tgz
673 verbose addTmpTarball /tmp/npm-24781-b93677f3/registry.npmjs.org/open/-/open-8.4.0.tgz not in flight; adding
674 verbose addTmpTarball already have metadata; skipping unpack for open@8.4.0
675 silly cache afterAdd jsonc-parser@3.2.0
676 verbose afterAdd /home/nestor/.npm/jsonc-parser/3.2.0/package/package.json not in flight; writing
677 http 200 https://registry.npmjs.org/yargs
678 verbose headers { date: 'Fri, 25 Nov 2022 02:48:16 GMT',
678 verbose headers   'content-type': 'application/json',
678 verbose headers   'transfer-encoding': 'chunked',
678 verbose headers   connection: 'keep-alive',
678 verbose headers   'cf-ray': '76f710804c902825-DFW',
678 verbose headers   'access-control-allow-origin': '*',
678 verbose headers   age: '33',
678 verbose headers   'cache-control': 'public, max-age=300',
678 verbose headers   etag: 'W/"41533f1dcbac70eda5247f4be74610cf"',
678 verbose headers   'last-modified': 'Sun, 13 Nov 2022 06:08:15 GMT',
678 verbose headers   vary: 'accept-encoding, accept',
678 verbose headers   'cf-cache-status': 'HIT',
678 verbose headers   'x-amz-replication-status': 'COMPLETED',
678 verbose headers   server: 'cloudflare',
678 verbose headers   'content-encoding': 'gzip' }
679 silly get cb [ 200,
679 silly get   { date: 'Fri, 25 Nov 2022 02:48:16 GMT',
679 silly get     'content-type': 'application/json',
679 silly get     'transfer-encoding': 'chunked',
679 silly get     connection: 'keep-alive',
679 silly get     'cf-ray': '76f710804c902825-DFW',
679 silly get     'access-control-allow-origin': '*',
679 silly get     age: '33',
679 silly get     'cache-control': 'public, max-age=300',
679 silly get     etag: 'W/"41533f1dcbac70eda5247f4be74610cf"',
679 silly get     'last-modified': 'Sun, 13 Nov 2022 06:08:15 GMT',
679 silly get     vary: 'accept-encoding, accept',
679 silly get     'cf-cache-status': 'HIT',
679 silly get     'x-amz-replication-status': 'COMPLETED',
679 silly get     server: 'cloudflare',
679 silly get     'content-encoding': 'gzip' } ]
680 verbose get saving yargs to /home/nestor/.npm/registry.npmjs.org/yargs/.cache.json
681 verbose afterAdd /home/nestor/.npm/jsonc-parser/3.2.0/package/package.json written
682 silly cache afterAdd semver@7.3.8
683 verbose afterAdd /home/nestor/.npm/semver/7.3.8/package/package.json not in flight; writing
684 silly cache afterAdd resolve@1.22.1
685 verbose afterAdd /home/nestor/.npm/resolve/1.22.1/package/package.json not in flight; writing
686 silly cache afterAdd inquirer@8.2.4
687 verbose afterAdd /home/nestor/.npm/inquirer/8.2.4/package/package.json not in flight; writing
688 verbose afterAdd /home/nestor/.npm/semver/7.3.8/package/package.json written
689 verbose afterAdd /home/nestor/.npm/resolve/1.22.1/package/package.json written
690 verbose afterAdd /home/nestor/.npm/inquirer/8.2.4/package/package.json written
691 verbose stack Error: Missing required argument #1
691 verbose stack     at andLogAndFinish (/usr/share/npm/lib/fetch-package-metadata.js:31:3)
691 verbose stack     at fetchPackageMetadata (/usr/share/npm/lib/fetch-package-metadata.js:51:22)
691 verbose stack     at resolveWithNewModule (/usr/share/npm/lib/install/deps.js:456:12)
691 verbose stack     at /usr/share/npm/lib/install/deps.js:457:7
691 verbose stack     at /usr/share/npm/node_modules/iferr/index.js:13:50
691 verbose stack     at /usr/share/npm/lib/fetch-package-metadata.js:37:12
691 verbose stack     at addRequestedAndFinish (/usr/share/npm/lib/fetch-package-metadata.js:82:5)
691 verbose stack     at returnAndAddMetadata (/usr/share/npm/lib/fetch-package-metadata.js:117:7)
691 verbose stack     at pickVersionFromRegistryDocument (/usr/share/npm/lib/fetch-package-metadata.js:134:20)
691 verbose stack     at /usr/share/npm/node_modules/iferr/index.js:13:50
692 verbose cwd /home/nestor/Documents/Projects/microservices-sb-and-sc/B09-servicio-usuarios-commons
693 error Linux 5.4.0-132-generic
694 error argv "/usr/bin/node" "/usr/bin/npm" "install" "-g" "@angular/cli"
695 error node v8.10.0
696 error npm  v3.5.2
697 error code EMISSINGARG
698 error typeerror Error: Missing required argument #1
698 error typeerror     at andLogAndFinish (/usr/share/npm/lib/fetch-package-metadata.js:31:3)
698 error typeerror     at fetchPackageMetadata (/usr/share/npm/lib/fetch-package-metadata.js:51:22)
698 error typeerror     at resolveWithNewModule (/usr/share/npm/lib/install/deps.js:456:12)
698 error typeerror     at /usr/share/npm/lib/install/deps.js:457:7
698 error typeerror     at /usr/share/npm/node_modules/iferr/index.js:13:50
698 error typeerror     at /usr/share/npm/lib/fetch-package-metadata.js:37:12
698 error typeerror     at addRequestedAndFinish (/usr/share/npm/lib/fetch-package-metadata.js:82:5)
698 error typeerror     at returnAndAddMetadata (/usr/share/npm/lib/fetch-package-metadata.js:117:7)
698 error typeerror     at pickVersionFromRegistryDocument (/usr/share/npm/lib/fetch-package-metadata.js:134:20)
698 error typeerror     at /usr/share/npm/node_modules/iferr/index.js:13:50
699 error typeerror This is an error with npm itself. Please report this error at:
699 error typeerror     <http://github.com/npm/npm/issues>
700 verbose exit [ 1, true ]
